<?xml version="1.0" encoding="UTF-8"?>
<!-- Generated by org.testng.reporters.JUnitXMLReporter -->
<testsuite ignored="0" hostname="DESKTOP-VNVLGLH" failures="1" tests="1" name="EdgeTest" time="24.889" errors="0" timestamp="2026-01-18T15:40:26 IST">
  <testcase classname="testCases.TC002_LoginTest" name="verifyLogin" time="4.185">
    <failure type="java.lang.AssertionError" message="expected [My Account!] but found [My Account]">
      <![CDATA[java.lang.AssertionError: expected [My Account!] but found [My Account]
at testCases.TC002_LoginTest.verifyLogin(TC002_LoginTest.java:31)
at java.base/java.util.ArrayList.forEach(ArrayList.java:1596)
at java.base/java.util.concurrent.FutureTask.run(FutureTask.java:317)
at java.base/java.util.concurrent.ThreadPoolExecutor.runWorker(ThreadPoolExecutor.java:1144)
at java.base/java.util.concurrent.ThreadPoolExecutor$Worker.run(ThreadPoolExecutor.java:642)
at java.base/java.lang.Thread.run(Thread.java:1583)
... Removed 21 stack frames]]>
    </failure>
  </testcase> <!-- verifyLogin -->
</testsuite> <!-- EdgeTest -->
