<?xml version="1.0" encoding="UTF-8"?>
<!-- Generated by org.testng.reporters.JUnitXMLReporter -->
<testsuite ignored="0" hostname="DESKTOP-VNVLGLH" failures="1" tests="1" name="Test" time="13.985" errors="0" timestamp="2026-01-18T15:27:30 IST">
  <testcase classname="testCases.TC002_LoginTest" name="verifyLogin" time="2.459">
    <failure type="java.lang.AssertionError" message="expected [My Account!] but found [My Account]">
      <![CDATA[java.lang.AssertionError: expected [My Account!] but found [My Account]
at testCases.TC002_LoginTest.verifyLogin(TC002_LoginTest.java:31)
at java.base/java.util.ArrayList.forEach(ArrayList.java:1596)
... Removed 31 stack frames]]>
    </failure>
  </testcase> <!-- verifyLogin -->
</testsuite> <!-- Test -->
