<?xml version="1.0" encoding="UTF-8"?>
<!-- Generated by org.testng.reporters.JUnitXMLReporter -->
<testsuite ignored="2" hostname="DESKTOP-VNVLGLH" failures="0" tests="1" name="Test" time="10.894" errors="0" timestamp="2026-01-07T02:53:23 IST">
  <testcase classname="testCases.TC002_LoginTest" name="verifyLogin" time="2.652"/>
  <testcase classname="testCases.TC003_LoginDDT" name="verify_LoginDDT" time="0.0">
    <ignored/>
  </testcase> <!-- verify_LoginDDT -->
  <testcase classname="testCases.TC001_AccountRegistrationTest" name="verifyRegistration" time="0.0">
    <ignored/>
  </testcase> <!-- verifyRegistration -->
</testsuite> <!-- Test -->
