<?xml version="1.0" encoding="UTF-8"?>
<!-- Generated by org.testng.reporters.JUnitReportReporter -->
<testsuite hostname="DESKTOP-VNVLGLH" failures="0" tests="4" name="testCases.TC003_LoginDDT" time="14.387" errors="0" timestamp="2026-01-05T02:38:26 IST" skipped="0">
  <testcase classname="testCases.TC003_LoginDDT" name="verify_LoginDDT" time="4.120"/>
  <testcase classname="testCases.TC003_LoginDDT" name="verify_LoginDDT" time="6.089"/>
  <testcase classname="testCases.TC003_LoginDDT" name="verify_LoginDDT" time="2.014"/>
  <testcase classname="testCases.TC003_LoginDDT" name="verify_LoginDDT" time="2.164"/>
</testsuite> <!-- testCases.TC003_LoginDDT -->
